<?xml version="1.0" encoding="UTF-8"?>
<testsuite name="WikiConnectionTest" tests="1" skipped="0" failures="0" errors="0" timestamp="2020-09-28T22:15:45" hostname="DEGPC" time="0.145">
  <properties/>
  <testcase name="ConnectionTest()" classname="WikiConnectionTest" time="0.145"/>
  <system-out><![CDATA[]]></system-out>
  <system-err><![CDATA[]]></system-err>
</testsuite>
